<?xml version="1.0" encoding="UTF-8"?>
<!-- Generated by org.testng.reporters.JUnitReportReporter -->
<testsuite hostname="DESKTOP-L4533E7" failures="0" tests="1" name="button1" time="59.915" errors="0" timestamp="2022-03-28T15:05:16 IST" skipped="0">
  <testcase classname="button1" name="update" time="59.915"/>
  <system-out/>
</testsuite> <!-- button1 -->
