<?xml version="1.0" encoding="UTF-8"?>
<!-- Generated by org.testng.reporters.JUnitReportReporter -->
<testsuite hostname="DESKTOP-L4533E7" failures="0" tests="1" name="EMB.vendorUNeg5" time="21.810" errors="0" timestamp="2022-03-24T15:26:41 IST" skipped="0">
  <testcase classname="EMB.vendorUNeg5" name="update" time="21.810"/>
  <system-out/>
</testsuite> <!-- EMB.vendorUNeg5 -->
