<?xml version="1.0" encoding="UTF-8"?>
<!-- Generated by org.testng.reporters.JUnitReportReporter -->
<testsuite hostname="DESKTOP-L4533E7" failures="0" tests="1" name="EMB.work" time="26.351" errors="0" timestamp="2022-03-15T02:29:34 PDT" skipped="0">
  <testcase classname="EMB.work" name="existedPhone" time="26.351"/>
  <system-out/>
</testsuite> <!-- EMB.work -->
